0 info it worked if it ends with ok
1 verbose cli [ 'C:\\Program Files\\nodejs\\node.exe',
1 verbose cli   'C:\\Program Files\\nodejs\\node_modules\\npm\\bin\\npm-cli.js',
1 verbose cli   'run',
1 verbose cli   'dev:client' ]
2 info using npm@3.10.3
3 info using node@v6.3.1
4 verbose run-script [ 'predev:client', 'dev:client', 'postdev:client' ]
5 info lifecycle Angular2WebpackNodeExpress@0.0.1~predev:client: Angular2WebpackNodeExpress@0.0.1
6 silly lifecycle Angular2WebpackNodeExpress@0.0.1~predev:client: no script for predev:client, continuing
7 info lifecycle Angular2WebpackNodeExpress@0.0.1~dev:client: Angular2WebpackNodeExpress@0.0.1
8 verbose lifecycle Angular2WebpackNodeExpress@0.0.1~dev:client: unsafe-perm in lifecycle true
9 verbose lifecycle Angular2WebpackNodeExpress@0.0.1~dev:client: PATH: C:\Program Files\nodejs\node_modules\npm\bin\node-gyp-bin;C:\Users\markk\IdeaProjects\Angular2WebpackNodeExpress\node_modules\.bin;C:\Program Files\nodejs;C:\Program Files\nodejs\node_modules\npm\bin\node-gyp-bin;C:\Users\markk\IdeaProjects\Angular2WebpackNodeExpress\node_modules\.bin;C:\Program Files\nodejs;C:\ProgramData\Oracle\Java\javapath;C:\WINDOWS\system32;C:\WINDOWS;C:\WINDOWS\System32\Wbem;C:\WINDOWS\System32\WindowsPowerShell\v1.0\;C:\Program Files\Calibre2\;C:\Program Files (x86)\Samsung\Samsung PC Studio 3\;C:\Program Files (x86)\Skype\Phone\;C:\Program Files (x86)\Windows Kits\8.1\Windows Performance Toolkit\;C:\Program Files\nodejs\;c:\utils;C:\Users\markk\AppData\Roaming\npm;c:\Program Files\Git\bin\
10 verbose lifecycle Angular2WebpackNodeExpress@0.0.1~dev:client: CWD: C:\Users\markk\IdeaProjects\Angular2WebpackNodeExpress
11 silly lifecycle Angular2WebpackNodeExpress@0.0.1~dev:client: Args: [ '/d /s /c', 'webpack-dev-server --content-base src/client' ]
12 silly lifecycle Angular2WebpackNodeExpress@0.0.1~dev:client: Returned: code: 3221225786  signal: null
13 info lifecycle Angular2WebpackNodeExpress@0.0.1~dev:client: Failed to exec dev:client script
14 verbose stack Error: Angular2WebpackNodeExpress@0.0.1 dev:client: `webpack-dev-server --content-base src/client`
14 verbose stack Exit status 3221225786
14 verbose stack     at EventEmitter.<anonymous> (C:\Program Files\nodejs\node_modules\npm\lib\utils\lifecycle.js:242:16)
14 verbose stack     at emitTwo (events.js:106:13)
14 verbose stack     at EventEmitter.emit (events.js:191:7)
14 verbose stack     at ChildProcess.<anonymous> (C:\Program Files\nodejs\node_modules\npm\lib\utils\spawn.js:40:14)
14 verbose stack     at emitTwo (events.js:106:13)
14 verbose stack     at ChildProcess.emit (events.js:191:7)
14 verbose stack     at maybeClose (internal/child_process.js:852:16)
14 verbose stack     at Process.ChildProcess._handle.onexit (internal/child_process.js:215:5)
15 verbose pkgid Angular2WebpackNodeExpress@0.0.1
16 verbose cwd C:\Users\markk\IdeaProjects\Angular2WebpackNodeExpress
17 error Windows_NT 10.0.10586
18 error argv "C:\\Program Files\\nodejs\\node.exe" "C:\\Program Files\\nodejs\\node_modules\\npm\\bin\\npm-cli.js" "run" "dev:client"
19 error node v6.3.1
20 error npm  v3.10.3
21 error code ELIFECYCLE
22 error Angular2WebpackNodeExpress@0.0.1 dev:client: `webpack-dev-server --content-base src/client`
22 error Exit status 3221225786
23 error Failed at the Angular2WebpackNodeExpress@0.0.1 dev:client script 'webpack-dev-server --content-base src/client'.
23 error Make sure you have the latest version of node.js and npm installed.
23 error If you do, this is most likely a problem with the Angular2WebpackNodeExpress package,
23 error not with npm itself.
23 error Tell the author that this fails on your system:
23 error     webpack-dev-server --content-base src/client
23 error You can get information on how to open an issue for this project with:
23 error     npm bugs Angular2WebpackNodeExpress
23 error Or if that isn't available, you can get their info via:
23 error     npm owner ls Angular2WebpackNodeExpress
23 error There is likely additional logging output above.
24 verbose exit [ 1, true ]
